2023-04-15 11:43:07,621 - mmaction - INFO - Environment info:
------------------------------------------------------------
sys.platform: linux
Python: 3.8.15 (default, Nov 24 2022, 15:19:38) [GCC 11.2.0]
CUDA available: True
GPU 0: NVIDIA GeForce RTX 3080 Ti
CUDA_HOME: None
GCC: gcc (Ubuntu 9.4.0-1ubuntu1~20.04.1) 9.4.0
PyTorch: 1.10.2
PyTorch compiling details: PyTorch built with:
  - GCC 7.3
  - C++ Version: 201402
  - Intel(R) oneAPI Math Kernel Library Version 2021.4-Product Build 20210904 for Intel(R) 64 architecture applications
  - Intel(R) MKL-DNN v2.2.3 (Git Hash 7336ca9f055cf1bfa13efb658fe15dc9b41f0740)
  - OpenMP 201511 (a.k.a. OpenMP 4.5)
  - LAPACK is enabled (usually provided by MKL)
  - NNPACK is enabled
  - CPU capability usage: AVX2
  - CUDA Runtime 11.3
  - NVCC architecture flags: -gencode;arch=compute_37,code=sm_37;-gencode;arch=compute_50,code=sm_50;-gencode;arch=compute_60,code=sm_60;-gencode;arch=compute_61,code=sm_61;-gencode;arch=compute_70,code=sm_70;-gencode;arch=compute_75,code=sm_75;-gencode;arch=compute_80,code=sm_80;-gencode;arch=compute_86,code=sm_86;-gencode;arch=compute_37,code=compute_37
  - CuDNN 8.2
  - Magma 2.5.2
  - Build settings: BLAS_INFO=mkl, BUILD_TYPE=Release, CUDA_VERSION=11.3, CUDNN_VERSION=8.2.0, CXX_COMPILER=/opt/rh/devtoolset-7/root/usr/bin/c++, CXX_FLAGS= -Wno-deprecated -fvisibility-inlines-hidden -DUSE_PTHREADPOOL -fopenmp -DNDEBUG -DUSE_KINETO -DUSE_FBGEMM -DUSE_QNNPACK -DUSE_PYTORCH_QNNPACK -DUSE_XNNPACK -DSYMBOLICATE_MOBILE_DEBUG_HANDLE -DEDGE_PROFILER_USE_KINETO -O2 -fPIC -Wno-narrowing -Wall -Wextra -Werror=return-type -Wno-missing-field-initializers -Wno-type-limits -Wno-array-bounds -Wno-unknown-pragmas -Wno-sign-compare -Wno-unused-parameter -Wno-unused-variable -Wno-unused-function -Wno-unused-result -Wno-unused-local-typedefs -Wno-strict-overflow -Wno-strict-aliasing -Wno-error=deprecated-declarations -Wno-stringop-overflow -Wno-psabi -Wno-error=pedantic -Wno-error=redundant-decls -Wno-error=old-style-cast -fdiagnostics-color=always -faligned-new -Wno-unused-but-set-variable -Wno-maybe-uninitialized -fno-math-errno -fno-trapping-math -Werror=format -Wno-stringop-overflow, LAPACK_INFO=mkl, PERF_WITH_AVX=1, PERF_WITH_AVX2=1, PERF_WITH_AVX512=1, TORCH_VERSION=1.10.2, USE_CUDA=ON, USE_CUDNN=ON, USE_EXCEPTION_PTR=1, USE_GFLAGS=OFF, USE_GLOG=OFF, USE_MKL=ON, USE_MKLDNN=ON, USE_MPI=OFF, USE_NCCL=ON, USE_NNPACK=ON, USE_OPENMP=ON, 

TorchVision: 0.11.3
OpenCV: 4.7.0
MMCV: 1.4.0
MMCV Compiler: GCC 7.3
MMCV CUDA Compiler: 11.3
MMAction2: 0.20.0+5640405
------------------------------------------------------------

2023-04-15 11:43:07,621 - mmaction - INFO - Distributed training: False
2023-04-15 11:43:08,219 - mmaction - INFO - Config: num_classes = 7
model = dict(
    type='FastRCNN',
    backbone=dict(
        type='ResNet3dSlowFast',
        pretrained=None,
        resample_rate=8,
        speed_ratio=8,
        channel_ratio=8,
        slow_pathway=dict(
            type='resnet3d',
            depth=50,
            pretrained=None,
            lateral=True,
            conv1_kernel=(1, 7, 7),
            dilations=(1, 1, 1, 1),
            conv1_stride_t=1,
            pool1_stride_t=1,
            inflate=(0, 0, 1, 1),
            spatial_strides=(1, 2, 2, 1)),
        fast_pathway=dict(
            type='resnet3d',
            depth=50,
            pretrained=None,
            lateral=False,
            base_channels=8,
            conv1_kernel=(5, 7, 7),
            conv1_stride_t=1,
            pool1_stride_t=1,
            spatial_strides=(1, 2, 2, 1))),
    roi_head=dict(
        type='AVARoIHead',
        bbox_roi_extractor=dict(
            type='SingleRoIExtractor3D',
            roi_layer_type='RoIAlign',
            output_size=8,
            with_temporal_pool=True),
        bbox_head=dict(
            type='BBoxHeadAVA',
            in_channels=2304,
            num_classes=7,
            multilabel=True,
            dropout_ratio=0.5)),
    train_cfg=dict(
        rcnn=dict(
            assigner=dict(
                type='MaxIoUAssignerAVA',
                pos_iou_thr=0.9,
                neg_iou_thr=0.9,
                min_pos_iou=0.9),
            sampler=dict(
                type='RandomSampler',
                num=32,
                pos_fraction=1,
                neg_pos_ub=-1,
                add_gt_as_proposals=True),
            pos_weight=1.0,
            debug=False)),
    test_cfg=dict(rcnn=dict(action_thr=0.002)))
dataset_type = 'AVADataset'
data_root = '/home/Custom-ava-dataset_Custom-Spatio-Temporally-Action-Video-Dataset/Dataset/rawframes'
anno_root = '/home/Custom-ava-dataset_Custom-Spatio-Temporally-Action-Video-Dataset/Dataset/annotations'
ann_file_train = '/home/Custom-ava-dataset_Custom-Spatio-Temporally-Action-Video-Dataset/Dataset/annotations/train.csv'
ann_file_val = '/home/Custom-ava-dataset_Custom-Spatio-Temporally-Action-Video-Dataset/Dataset/annotations/val.csv'
exclude_file_train = '/home/Custom-ava-dataset_Custom-Spatio-Temporally-Action-Video-Dataset/Dataset/annotations/train_excluded_timestamps.csv'
exclude_file_val = '/home/Custom-ava-dataset_Custom-Spatio-Temporally-Action-Video-Dataset/Dataset/annotations/val_excluded_timestamps.csv'
label_file = '/home/Custom-ava-dataset_Custom-Spatio-Temporally-Action-Video-Dataset/Dataset/annotations/action_list.pbtxt'
proposal_file_train = '/home/Custom-ava-dataset_Custom-Spatio-Temporally-Action-Video-Dataset/Dataset/annotations/dense_proposals_train.pkl'
proposal_file_val = '/home/Custom-ava-dataset_Custom-Spatio-Temporally-Action-Video-Dataset/Dataset/annotations/dense_proposals_val.pkl'
img_norm_cfg = dict(
    mean=[123.675, 116.28, 103.53], std=[58.395, 57.12, 57.375], to_bgr=False)
train_pipeline = [
    dict(type='SampleAVAFrames', clip_len=32, frame_interval=2),
    dict(type='RawFrameDecode'),
    dict(type='RandomRescale', scale_range=(256, 320)),
    dict(type='RandomCrop', size=256),
    dict(type='Flip', flip_ratio=0.5),
    dict(
        type='Normalize',
        mean=[123.675, 116.28, 103.53],
        std=[58.395, 57.12, 57.375],
        to_bgr=False),
    dict(type='FormatShape', input_format='NCTHW', collapse=True),
    dict(type='Rename', mapping=dict(imgs='img')),
    dict(type='ToTensor', keys=['img', 'proposals', 'gt_bboxes', 'gt_labels']),
    dict(
        type='ToDataContainer',
        fields=[
            dict(key=['proposals', 'gt_bboxes', 'gt_labels'], stack=False)
        ]),
    dict(
        type='Collect',
        keys=['img', 'proposals', 'gt_bboxes', 'gt_labels'],
        meta_keys=['scores', 'entity_ids'])
]
val_pipeline = [
    dict(type='SampleAVAFrames', clip_len=32, frame_interval=2),
    dict(type='RawFrameDecode'),
    dict(type='Resize', scale=(-1, 256)),
    dict(
        type='Normalize',
        mean=[123.675, 116.28, 103.53],
        std=[58.395, 57.12, 57.375],
        to_bgr=False),
    dict(type='FormatShape', input_format='NCTHW', collapse=True),
    dict(type='Rename', mapping=dict(imgs='img')),
    dict(type='ToTensor', keys=['img', 'proposals']),
    dict(type='ToDataContainer', fields=[dict(key='proposals', stack=False)]),
    dict(
        type='Collect',
        keys=['img', 'proposals'],
        meta_keys=['scores', 'img_shape'],
        nested=True)
]
data = dict(
    videos_per_gpu=5,
    workers_per_gpu=2,
    val_dataloader=dict(videos_per_gpu=1),
    test_dataloader=dict(videos_per_gpu=1),
    train=dict(
        type='AVADataset',
        ann_file=
        '/home/Custom-ava-dataset_Custom-Spatio-Temporally-Action-Video-Dataset/Dataset/annotations/train.csv',
        exclude_file=
        '/home/Custom-ava-dataset_Custom-Spatio-Temporally-Action-Video-Dataset/Dataset/annotations/train_excluded_timestamps.csv',
        pipeline=[
            dict(type='SampleAVAFrames', clip_len=32, frame_interval=2),
            dict(type='RawFrameDecode'),
            dict(type='RandomRescale', scale_range=(256, 320)),
            dict(type='RandomCrop', size=256),
            dict(type='Flip', flip_ratio=0.5),
            dict(
                type='Normalize',
                mean=[123.675, 116.28, 103.53],
                std=[58.395, 57.12, 57.375],
                to_bgr=False),
            dict(type='FormatShape', input_format='NCTHW', collapse=True),
            dict(type='Rename', mapping=dict(imgs='img')),
            dict(
                type='ToTensor',
                keys=['img', 'proposals', 'gt_bboxes', 'gt_labels']),
            dict(
                type='ToDataContainer',
                fields=[
                    dict(
                        key=['proposals', 'gt_bboxes', 'gt_labels'],
                        stack=False)
                ]),
            dict(
                type='Collect',
                keys=['img', 'proposals', 'gt_bboxes', 'gt_labels'],
                meta_keys=['scores', 'entity_ids'])
        ],
        label_file=
        '/home/Custom-ava-dataset_Custom-Spatio-Temporally-Action-Video-Dataset/Dataset/annotations/action_list.pbtxt',
        proposal_file=
        '/home/Custom-ava-dataset_Custom-Spatio-Temporally-Action-Video-Dataset/Dataset/annotations/dense_proposals_train.pkl',
        person_det_score_thr=0.9,
        num_classes=7,
        data_prefix=
        '/home/Custom-ava-dataset_Custom-Spatio-Temporally-Action-Video-Dataset/Dataset/rawframes',
        start_index=1),
    val=dict(
        type='AVADataset',
        ann_file=
        '/home/Custom-ava-dataset_Custom-Spatio-Temporally-Action-Video-Dataset/Dataset/annotations/val.csv',
        exclude_file=
        '/home/Custom-ava-dataset_Custom-Spatio-Temporally-Action-Video-Dataset/Dataset/annotations/val_excluded_timestamps.csv',
        pipeline=[
            dict(type='SampleAVAFrames', clip_len=32, frame_interval=2),
            dict(type='RawFrameDecode'),
            dict(type='Resize', scale=(-1, 256)),
            dict(
                type='Normalize',
                mean=[123.675, 116.28, 103.53],
                std=[58.395, 57.12, 57.375],
                to_bgr=False),
            dict(type='FormatShape', input_format='NCTHW', collapse=True),
            dict(type='Rename', mapping=dict(imgs='img')),
            dict(type='ToTensor', keys=['img', 'proposals']),
            dict(
                type='ToDataContainer',
                fields=[dict(key='proposals', stack=False)]),
            dict(
                type='Collect',
                keys=['img', 'proposals'],
                meta_keys=['scores', 'img_shape'],
                nested=True)
        ],
        label_file=
        '/home/Custom-ava-dataset_Custom-Spatio-Temporally-Action-Video-Dataset/Dataset/annotations/action_list.pbtxt',
        proposal_file=
        '/home/Custom-ava-dataset_Custom-Spatio-Temporally-Action-Video-Dataset/Dataset/annotations/dense_proposals_val.pkl',
        person_det_score_thr=0.9,
        data_prefix=
        '/home/Custom-ava-dataset_Custom-Spatio-Temporally-Action-Video-Dataset/Dataset/rawframes',
        num_classes=7,
        start_index=1),
    test=dict(
        type='AVADataset',
        ann_file=
        '/home/Custom-ava-dataset_Custom-Spatio-Temporally-Action-Video-Dataset/Dataset/annotations/val.csv',
        exclude_file=
        '/home/Custom-ava-dataset_Custom-Spatio-Temporally-Action-Video-Dataset/Dataset/annotations/val_excluded_timestamps.csv',
        pipeline=[
            dict(type='SampleAVAFrames', clip_len=32, frame_interval=2),
            dict(type='RawFrameDecode'),
            dict(type='Resize', scale=(-1, 256)),
            dict(
                type='Normalize',
                mean=[123.675, 116.28, 103.53],
                std=[58.395, 57.12, 57.375],
                to_bgr=False),
            dict(type='FormatShape', input_format='NCTHW', collapse=True),
            dict(type='Rename', mapping=dict(imgs='img')),
            dict(type='ToTensor', keys=['img', 'proposals']),
            dict(
                type='ToDataContainer',
                fields=[dict(key='proposals', stack=False)]),
            dict(
                type='Collect',
                keys=['img', 'proposals'],
                meta_keys=['scores', 'img_shape'],
                nested=True)
        ],
        label_file=
        '/home/Custom-ava-dataset_Custom-Spatio-Temporally-Action-Video-Dataset/Dataset/annotations/action_list.pbtxt',
        proposal_file=
        '/home/Custom-ava-dataset_Custom-Spatio-Temporally-Action-Video-Dataset/Dataset/annotations/dense_proposals_val.pkl',
        person_det_score_thr=0.9,
        data_prefix=
        '/home/Custom-ava-dataset_Custom-Spatio-Temporally-Action-Video-Dataset/Dataset/rawframes',
        num_classes=7,
        start_index=1))
optimizer = dict(type='SGD', lr=0.0125, momentum=0.9, weight_decay=1e-05)
optimizer_config = dict(grad_clip=dict(max_norm=40, norm_type=2))
lr_config = dict(
    policy='step',
    step=[10, 15],
    warmup='linear',
    warmup_by_epoch=True,
    warmup_iters=5,
    warmup_ratio=0.1)
total_epochs = 100
checkpoint_config = dict(interval=1)
workflow = [('train', 1)]
evaluation = dict(interval=1, save_best='mAP@0.5IOU')
log_config = dict(interval=20, hooks=[dict(type='TextLoggerHook')])
dist_params = dict(backend='nccl')
log_level = 'INFO'
work_dir = './work_dirs/ava/slowfast_kinetics_pretrained_r50_4x16x1_20e_ava_rgb'
load_from = 'https://download.openmmlab.com/mmaction/recognition/slowfast/slowfast_r50_4x16x1_256e_kinetics400_rgb/slowfast_r50_4x16x1_256e_kinetics400_rgb_20200704-bcde7ed7.pth'
resume_from = None
find_unused_parameters = False
gpu_ids = range(0, 1)
omnisource = False
module_hooks = []

2023-04-15 11:43:08,220 - mmaction - INFO - Set random seed to 376640837, deterministic: False
2023-04-15 11:43:08,423 - mmaction - INFO - 15 out of 15 frames are valid.
2023-04-15 11:43:10,811 - mmaction - INFO - load checkpoint from http path: https://download.openmmlab.com/mmaction/recognition/slowfast/slowfast_r50_4x16x1_256e_kinetics400_rgb/slowfast_r50_4x16x1_256e_kinetics400_rgb_20200704-bcde7ed7.pth
2023-04-15 11:43:10,887 - mmaction - WARNING - The model and loaded state dict do not match exactly

unexpected key in source state_dict: cls_head.fc_cls.weight, cls_head.fc_cls.bias

missing keys in source state_dict: roi_head.bbox_head.fc_cls.weight, roi_head.bbox_head.fc_cls.bias

2023-04-15 11:43:10,888 - mmaction - INFO - Start running, host: srdp@srdpWorkspace, work_dir: /home/mmaction2_YF/work_dirs/ava/slowfast_kinetics_pretrained_r50_4x16x1_20e_ava_rgb
2023-04-15 11:43:10,889 - mmaction - INFO - Hooks will be executed in the following order:
before_run:
(VERY_HIGH   ) StepLrUpdaterHook                  
(NORMAL      ) CheckpointHook                     
(NORMAL      ) EvalHook                           
(VERY_LOW    ) TextLoggerHook                     
 -------------------- 
before_train_epoch:
(VERY_HIGH   ) StepLrUpdaterHook                  
(NORMAL      ) EvalHook                           
(LOW         ) IterTimerHook                      
(VERY_LOW    ) TextLoggerHook                     
 -------------------- 
before_train_iter:
(VERY_HIGH   ) StepLrUpdaterHook                  
(NORMAL      ) EvalHook                           
(LOW         ) IterTimerHook                      
 -------------------- 
after_train_iter:
(ABOVE_NORMAL) OptimizerHook                      
(NORMAL      ) CheckpointHook                     
(NORMAL      ) EvalHook                           
(LOW         ) IterTimerHook                      
(VERY_LOW    ) TextLoggerHook                     
 -------------------- 
after_train_epoch:
(NORMAL      ) CheckpointHook                     
(NORMAL      ) EvalHook                           
(VERY_LOW    ) TextLoggerHook                     
 -------------------- 
before_val_epoch:
(LOW         ) IterTimerHook                      
(VERY_LOW    ) TextLoggerHook                     
 -------------------- 
before_val_iter:
(LOW         ) IterTimerHook                      
 -------------------- 
after_val_iter:
(LOW         ) IterTimerHook                      
 -------------------- 
after_val_epoch:
(VERY_LOW    ) TextLoggerHook                     
 -------------------- 
after_run:
(VERY_LOW    ) TextLoggerHook                     
 -------------------- 
2023-04-15 11:43:10,889 - mmaction - INFO - workflow: [('train', 1)], max: 100 epochs
2023-04-15 11:43:10,889 - mmaction - INFO - Checkpoints will be saved to /home/mmaction2_YF/work_dirs/ava/slowfast_kinetics_pretrained_r50_4x16x1_20e_ava_rgb by HardDiskBackend.
2023-04-15 11:43:14,652 - mmaction - INFO - Saving checkpoint at 1 epochs
2023-04-15 11:43:15,743 - mmaction - INFO - Evaluating mAP ...
2023-04-15 11:43:15,748 - mmaction - INFO - 
mAP@0.5IOU	 0.3529
2023-04-15 11:43:16,211 - mmaction - INFO - Now best checkpoint is saved as best_mAP@0.5IOU_epoch_1.pth.
2023-04-15 11:43:16,212 - mmaction - INFO - Best mAP@0.5IOU is 0.3529 at 1 epoch.
2023-04-15 11:43:16,212 - mmaction - INFO - Epoch(val) [1][15]	mAP@0.5IOU: 0.3529
2023-04-15 11:43:19,466 - mmaction - INFO - Saving checkpoint at 2 epochs
2023-04-15 11:43:20,538 - mmaction - INFO - Evaluating mAP ...
2023-04-15 11:43:20,543 - mmaction - INFO - 
mAP@0.5IOU	 0.4808
2023-04-15 11:43:20,556 - mmaction - INFO - The previous best checkpoint /home/mmaction2_YF/work_dirs/ava/slowfast_kinetics_pretrained_r50_4x16x1_20e_ava_rgb/best_mAP@0.5IOU_epoch_1.pth was removed
2023-04-15 11:43:20,852 - mmaction - INFO - Now best checkpoint is saved as best_mAP@0.5IOU_epoch_2.pth.
2023-04-15 11:43:20,853 - mmaction - INFO - Best mAP@0.5IOU is 0.4808 at 2 epoch.
2023-04-15 11:43:20,853 - mmaction - INFO - Epoch(val) [2][15]	mAP@0.5IOU: 0.4808
2023-04-15 11:43:24,069 - mmaction - INFO - Saving checkpoint at 3 epochs
2023-04-15 11:43:25,122 - mmaction - INFO - Evaluating mAP ...
2023-04-15 11:43:25,126 - mmaction - INFO - 
mAP@0.5IOU	 0.5229
2023-04-15 11:43:25,142 - mmaction - INFO - The previous best checkpoint /home/mmaction2_YF/work_dirs/ava/slowfast_kinetics_pretrained_r50_4x16x1_20e_ava_rgb/best_mAP@0.5IOU_epoch_2.pth was removed
2023-04-15 11:43:25,440 - mmaction - INFO - Now best checkpoint is saved as best_mAP@0.5IOU_epoch_3.pth.
2023-04-15 11:43:25,440 - mmaction - INFO - Best mAP@0.5IOU is 0.5229 at 3 epoch.
2023-04-15 11:43:25,440 - mmaction - INFO - Epoch(val) [3][15]	mAP@0.5IOU: 0.5229
2023-04-15 11:43:28,685 - mmaction - INFO - Saving checkpoint at 4 epochs
2023-04-15 11:43:29,736 - mmaction - INFO - Evaluating mAP ...
2023-04-15 11:43:29,741 - mmaction - INFO - 
mAP@0.5IOU	 0.6084
2023-04-15 11:43:29,758 - mmaction - INFO - The previous best checkpoint /home/mmaction2_YF/work_dirs/ava/slowfast_kinetics_pretrained_r50_4x16x1_20e_ava_rgb/best_mAP@0.5IOU_epoch_3.pth was removed
2023-04-15 11:43:30,054 - mmaction - INFO - Now best checkpoint is saved as best_mAP@0.5IOU_epoch_4.pth.
2023-04-15 11:43:30,054 - mmaction - INFO - Best mAP@0.5IOU is 0.6084 at 4 epoch.
2023-04-15 11:43:30,054 - mmaction - INFO - Epoch(val) [4][15]	mAP@0.5IOU: 0.6084
2023-04-15 11:43:33,281 - mmaction - INFO - Saving checkpoint at 5 epochs
2023-04-15 11:43:34,340 - mmaction - INFO - Evaluating mAP ...
2023-04-15 11:43:34,345 - mmaction - INFO - 
mAP@0.5IOU	 0.6084
2023-04-15 11:43:34,345 - mmaction - INFO - Epoch(val) [5][15]	mAP@0.5IOU: 0.6084
2023-04-15 11:43:37,596 - mmaction - INFO - Saving checkpoint at 6 epochs
2023-04-15 11:43:38,675 - mmaction - INFO - Evaluating mAP ...
2023-04-15 11:43:38,679 - mmaction - INFO - 
mAP@0.5IOU	 0.6084
2023-04-15 11:43:38,679 - mmaction - INFO - Epoch(val) [6][15]	mAP@0.5IOU: 0.6084
2023-04-15 11:43:41,910 - mmaction - INFO - Saving checkpoint at 7 epochs
2023-04-15 11:43:42,963 - mmaction - INFO - Evaluating mAP ...
2023-04-15 11:43:42,966 - mmaction - INFO - 
mAP@0.5IOU	 0.6484
2023-04-15 11:43:42,982 - mmaction - INFO - The previous best checkpoint /home/mmaction2_YF/work_dirs/ava/slowfast_kinetics_pretrained_r50_4x16x1_20e_ava_rgb/best_mAP@0.5IOU_epoch_4.pth was removed
2023-04-15 11:43:43,392 - mmaction - INFO - Now best checkpoint is saved as best_mAP@0.5IOU_epoch_7.pth.
2023-04-15 11:43:43,392 - mmaction - INFO - Best mAP@0.5IOU is 0.6484 at 7 epoch.
2023-04-15 11:43:43,392 - mmaction - INFO - Epoch(val) [7][15]	mAP@0.5IOU: 0.6484
2023-04-15 11:43:46,629 - mmaction - INFO - Saving checkpoint at 8 epochs
2023-04-15 11:43:47,673 - mmaction - INFO - Evaluating mAP ...
2023-04-15 11:43:47,677 - mmaction - INFO - 
mAP@0.5IOU	 0.6491
2023-04-15 11:43:47,690 - mmaction - INFO - The previous best checkpoint /home/mmaction2_YF/work_dirs/ava/slowfast_kinetics_pretrained_r50_4x16x1_20e_ava_rgb/best_mAP@0.5IOU_epoch_7.pth was removed
2023-04-15 11:43:47,987 - mmaction - INFO - Now best checkpoint is saved as best_mAP@0.5IOU_epoch_8.pth.
2023-04-15 11:43:47,987 - mmaction - INFO - Best mAP@0.5IOU is 0.6491 at 8 epoch.
2023-04-15 11:43:47,987 - mmaction - INFO - Epoch(val) [8][15]	mAP@0.5IOU: 0.6491
2023-04-15 11:43:51,242 - mmaction - INFO - Saving checkpoint at 9 epochs
2023-04-15 11:43:52,306 - mmaction - INFO - Evaluating mAP ...
2023-04-15 11:43:52,310 - mmaction - INFO - 
mAP@0.5IOU	 0.7105
2023-04-15 11:43:52,325 - mmaction - INFO - The previous best checkpoint /home/mmaction2_YF/work_dirs/ava/slowfast_kinetics_pretrained_r50_4x16x1_20e_ava_rgb/best_mAP@0.5IOU_epoch_8.pth was removed
2023-04-15 11:43:52,622 - mmaction - INFO - Now best checkpoint is saved as best_mAP@0.5IOU_epoch_9.pth.
2023-04-15 11:43:52,622 - mmaction - INFO - Best mAP@0.5IOU is 0.7105 at 9 epoch.
2023-04-15 11:43:52,622 - mmaction - INFO - Epoch(val) [9][15]	mAP@0.5IOU: 0.7105
2023-04-15 11:43:55,871 - mmaction - INFO - Saving checkpoint at 10 epochs
2023-04-15 11:43:56,918 - mmaction - INFO - Evaluating mAP ...
2023-04-15 11:43:56,921 - mmaction - INFO - 
mAP@0.5IOU	 0.7105
2023-04-15 11:43:56,921 - mmaction - INFO - Epoch(val) [10][15]	mAP@0.5IOU: 0.7105
2023-04-15 11:44:00,173 - mmaction - INFO - Saving checkpoint at 11 epochs
2023-04-15 11:44:01,221 - mmaction - INFO - Evaluating mAP ...
2023-04-15 11:44:01,224 - mmaction - INFO - 
mAP@0.5IOU	 0.7105
2023-04-15 11:44:01,225 - mmaction - INFO - Epoch(val) [11][15]	mAP@0.5IOU: 0.7105
2023-04-15 11:44:04,472 - mmaction - INFO - Saving checkpoint at 12 epochs
2023-04-15 11:44:05,528 - mmaction - INFO - Evaluating mAP ...
2023-04-15 11:44:05,532 - mmaction - INFO - 
mAP@0.5IOU	 0.7105
2023-04-15 11:44:05,532 - mmaction - INFO - Epoch(val) [12][15]	mAP@0.5IOU: 0.7105
2023-04-15 11:44:08,777 - mmaction - INFO - Saving checkpoint at 13 epochs
2023-04-15 11:44:09,849 - mmaction - INFO - Evaluating mAP ...
2023-04-15 11:44:09,853 - mmaction - INFO - 
mAP@0.5IOU	 0.7105
2023-04-15 11:44:09,853 - mmaction - INFO - Epoch(val) [13][15]	mAP@0.5IOU: 0.7105
2023-04-15 11:44:13,103 - mmaction - INFO - Saving checkpoint at 14 epochs
2023-04-15 11:44:14,152 - mmaction - INFO - Evaluating mAP ...
2023-04-15 11:44:14,156 - mmaction - INFO - 
mAP@0.5IOU	 0.7105
2023-04-15 11:44:14,156 - mmaction - INFO - Epoch(val) [14][15]	mAP@0.5IOU: 0.7105
2023-04-15 11:44:17,373 - mmaction - INFO - Saving checkpoint at 15 epochs
2023-04-15 11:44:18,421 - mmaction - INFO - Evaluating mAP ...
2023-04-15 11:44:18,424 - mmaction - INFO - 
mAP@0.5IOU	 0.7105
2023-04-15 11:44:18,424 - mmaction - INFO - Epoch(val) [15][15]	mAP@0.5IOU: 0.7105
2023-04-15 11:44:21,658 - mmaction - INFO - Saving checkpoint at 16 epochs
2023-04-15 11:44:22,721 - mmaction - INFO - Evaluating mAP ...
2023-04-15 11:44:22,724 - mmaction - INFO - 
mAP@0.5IOU	 0.7105
2023-04-15 11:44:22,725 - mmaction - INFO - Epoch(val) [16][15]	mAP@0.5IOU: 0.7105
2023-04-15 11:44:25,958 - mmaction - INFO - Saving checkpoint at 17 epochs
2023-04-15 11:44:26,992 - mmaction - INFO - Evaluating mAP ...
2023-04-15 11:44:26,996 - mmaction - INFO - 
mAP@0.5IOU	 0.7105
2023-04-15 11:44:26,996 - mmaction - INFO - Epoch(val) [17][15]	mAP@0.5IOU: 0.7105
2023-04-15 11:44:30,237 - mmaction - INFO - Saving checkpoint at 18 epochs
2023-04-15 11:44:31,301 - mmaction - INFO - Evaluating mAP ...
2023-04-15 11:44:31,304 - mmaction - INFO - 
mAP@0.5IOU	 0.7105
2023-04-15 11:44:31,304 - mmaction - INFO - Epoch(val) [18][15]	mAP@0.5IOU: 0.7105
2023-04-15 11:44:34,522 - mmaction - INFO - Saving checkpoint at 19 epochs
2023-04-15 11:44:35,581 - mmaction - INFO - Evaluating mAP ...
2023-04-15 11:44:35,585 - mmaction - INFO - 
mAP@0.5IOU	 0.7105
2023-04-15 11:44:35,585 - mmaction - INFO - Epoch(val) [19][15]	mAP@0.5IOU: 0.7105
2023-04-15 11:44:38,816 - mmaction - INFO - Saving checkpoint at 20 epochs
2023-04-15 11:44:39,900 - mmaction - INFO - Evaluating mAP ...
2023-04-15 11:44:39,904 - mmaction - INFO - 
mAP@0.5IOU	 0.7105
2023-04-15 11:44:39,904 - mmaction - INFO - Epoch(val) [20][15]	mAP@0.5IOU: 0.7105
2023-04-15 11:44:43,148 - mmaction - INFO - Saving checkpoint at 21 epochs
2023-04-15 11:44:44,246 - mmaction - INFO - Evaluating mAP ...
2023-04-15 11:44:44,249 - mmaction - INFO - 
mAP@0.5IOU	 0.7105
2023-04-15 11:44:44,249 - mmaction - INFO - Epoch(val) [21][15]	mAP@0.5IOU: 0.7105
2023-04-15 11:44:47,491 - mmaction - INFO - Saving checkpoint at 22 epochs
2023-04-15 11:44:48,594 - mmaction - INFO - Evaluating mAP ...
2023-04-15 11:44:48,597 - mmaction - INFO - 
mAP@0.5IOU	 0.7105
2023-04-15 11:44:48,597 - mmaction - INFO - Epoch(val) [22][15]	mAP@0.5IOU: 0.7105
2023-04-15 11:44:51,820 - mmaction - INFO - Saving checkpoint at 23 epochs
2023-04-15 11:44:52,916 - mmaction - INFO - Evaluating mAP ...
2023-04-15 11:44:52,920 - mmaction - INFO - 
mAP@0.5IOU	 0.7105
2023-04-15 11:44:52,920 - mmaction - INFO - Epoch(val) [23][15]	mAP@0.5IOU: 0.7105
2023-04-15 11:44:56,150 - mmaction - INFO - Saving checkpoint at 24 epochs
2023-04-15 11:44:57,217 - mmaction - INFO - Evaluating mAP ...
2023-04-15 11:44:57,221 - mmaction - INFO - 
mAP@0.5IOU	 0.7105
2023-04-15 11:44:57,221 - mmaction - INFO - Epoch(val) [24][15]	mAP@0.5IOU: 0.7105
2023-04-15 11:45:00,452 - mmaction - INFO - Saving checkpoint at 25 epochs
2023-04-15 11:45:01,501 - mmaction - INFO - Evaluating mAP ...
2023-04-15 11:45:01,505 - mmaction - INFO - 
mAP@0.5IOU	 0.7105
2023-04-15 11:45:01,505 - mmaction - INFO - Epoch(val) [25][15]	mAP@0.5IOU: 0.7105
2023-04-15 11:45:04,746 - mmaction - INFO - Saving checkpoint at 26 epochs
2023-04-15 11:45:05,808 - mmaction - INFO - Evaluating mAP ...
2023-04-15 11:45:05,812 - mmaction - INFO - 
mAP@0.5IOU	 0.7105
2023-04-15 11:45:05,812 - mmaction - INFO - Epoch(val) [26][15]	mAP@0.5IOU: 0.7105
2023-04-15 11:45:09,049 - mmaction - INFO - Saving checkpoint at 27 epochs
2023-04-15 11:45:10,113 - mmaction - INFO - Evaluating mAP ...
2023-04-15 11:45:10,116 - mmaction - INFO - 
mAP@0.5IOU	 0.7105
2023-04-15 11:45:10,116 - mmaction - INFO - Epoch(val) [27][15]	mAP@0.5IOU: 0.7105
2023-04-15 11:45:13,365 - mmaction - INFO - Saving checkpoint at 28 epochs
2023-04-15 11:45:14,466 - mmaction - INFO - Evaluating mAP ...
2023-04-15 11:45:14,470 - mmaction - INFO - 
mAP@0.5IOU	 0.7105
2023-04-15 11:45:14,470 - mmaction - INFO - Epoch(val) [28][15]	mAP@0.5IOU: 0.7105
2023-04-15 11:45:17,719 - mmaction - INFO - Saving checkpoint at 29 epochs
2023-04-15 11:45:18,785 - mmaction - INFO - Evaluating mAP ...
2023-04-15 11:45:18,788 - mmaction - INFO - 
mAP@0.5IOU	 0.7105
2023-04-15 11:45:18,789 - mmaction - INFO - Epoch(val) [29][15]	mAP@0.5IOU: 0.7105
2023-04-15 11:45:22,031 - mmaction - INFO - Saving checkpoint at 30 epochs
2023-04-15 11:45:23,081 - mmaction - INFO - Evaluating mAP ...
2023-04-15 11:45:23,084 - mmaction - INFO - 
mAP@0.5IOU	 0.7105
2023-04-15 11:45:23,085 - mmaction - INFO - Epoch(val) [30][15]	mAP@0.5IOU: 0.7105
2023-04-15 11:45:26,330 - mmaction - INFO - Saving checkpoint at 31 epochs
2023-04-15 11:45:27,394 - mmaction - INFO - Evaluating mAP ...
2023-04-15 11:45:27,397 - mmaction - INFO - 
mAP@0.5IOU	 0.7105
2023-04-15 11:45:27,397 - mmaction - INFO - Epoch(val) [31][15]	mAP@0.5IOU: 0.7105
2023-04-15 11:45:30,653 - mmaction - INFO - Saving checkpoint at 32 epochs
2023-04-15 11:45:31,719 - mmaction - INFO - Evaluating mAP ...
2023-04-15 11:45:31,723 - mmaction - INFO - 
mAP@0.5IOU	 0.7105
2023-04-15 11:45:31,723 - mmaction - INFO - Epoch(val) [32][15]	mAP@0.5IOU: 0.7105
2023-04-15 11:45:34,939 - mmaction - INFO - Saving checkpoint at 33 epochs
2023-04-15 11:45:36,009 - mmaction - INFO - Evaluating mAP ...
2023-04-15 11:45:36,012 - mmaction - INFO - 
mAP@0.5IOU	 0.7105
2023-04-15 11:45:36,013 - mmaction - INFO - Epoch(val) [33][15]	mAP@0.5IOU: 0.7105
2023-04-15 11:45:39,246 - mmaction - INFO - Saving checkpoint at 34 epochs
2023-04-15 11:45:40,320 - mmaction - INFO - Evaluating mAP ...
2023-04-15 11:45:40,324 - mmaction - INFO - 
mAP@0.5IOU	 0.7105
2023-04-15 11:45:40,324 - mmaction - INFO - Epoch(val) [34][15]	mAP@0.5IOU: 0.7105
2023-04-15 11:45:43,568 - mmaction - INFO - Saving checkpoint at 35 epochs
2023-04-15 11:45:44,633 - mmaction - INFO - Evaluating mAP ...
2023-04-15 11:45:44,637 - mmaction - INFO - 
mAP@0.5IOU	 0.7105
2023-04-15 11:45:44,637 - mmaction - INFO - Epoch(val) [35][15]	mAP@0.5IOU: 0.7105
2023-04-15 11:45:47,881 - mmaction - INFO - Saving checkpoint at 36 epochs
2023-04-15 11:45:48,924 - mmaction - INFO - Evaluating mAP ...
2023-04-15 11:45:48,928 - mmaction - INFO - 
mAP@0.5IOU	 0.7105
2023-04-15 11:45:48,928 - mmaction - INFO - Epoch(val) [36][15]	mAP@0.5IOU: 0.7105
2023-04-15 11:45:52,161 - mmaction - INFO - Saving checkpoint at 37 epochs
2023-04-15 11:45:53,221 - mmaction - INFO - Evaluating mAP ...
2023-04-15 11:45:53,224 - mmaction - INFO - 
mAP@0.5IOU	 0.7105
2023-04-15 11:45:53,224 - mmaction - INFO - Epoch(val) [37][15]	mAP@0.5IOU: 0.7105
2023-04-15 11:45:56,455 - mmaction - INFO - Saving checkpoint at 38 epochs
2023-04-15 11:45:57,550 - mmaction - INFO - Evaluating mAP ...
2023-04-15 11:45:57,553 - mmaction - INFO - 
mAP@0.5IOU	 0.7105
2023-04-15 11:45:57,553 - mmaction - INFO - Epoch(val) [38][15]	mAP@0.5IOU: 0.7105
2023-04-15 11:46:00,816 - mmaction - INFO - Saving checkpoint at 39 epochs
2023-04-15 11:46:01,893 - mmaction - INFO - Evaluating mAP ...
2023-04-15 11:46:01,896 - mmaction - INFO - 
mAP@0.5IOU	 0.7105
2023-04-15 11:46:01,897 - mmaction - INFO - Epoch(val) [39][15]	mAP@0.5IOU: 0.7105
2023-04-15 11:46:05,134 - mmaction - INFO - Saving checkpoint at 40 epochs
2023-04-15 11:46:06,195 - mmaction - INFO - Evaluating mAP ...
2023-04-15 11:46:06,199 - mmaction - INFO - 
mAP@0.5IOU	 0.7105
2023-04-15 11:46:06,199 - mmaction - INFO - Epoch(val) [40][15]	mAP@0.5IOU: 0.7105
2023-04-15 11:46:09,441 - mmaction - INFO - Saving checkpoint at 41 epochs
2023-04-15 11:46:10,481 - mmaction - INFO - Evaluating mAP ...
2023-04-15 11:46:10,485 - mmaction - INFO - 
mAP@0.5IOU	 0.7105
2023-04-15 11:46:10,485 - mmaction - INFO - Epoch(val) [41][15]	mAP@0.5IOU: 0.7105
2023-04-15 11:46:13,722 - mmaction - INFO - Saving checkpoint at 42 epochs
2023-04-15 11:46:14,778 - mmaction - INFO - Evaluating mAP ...
2023-04-15 11:46:14,781 - mmaction - INFO - 
mAP@0.5IOU	 0.7105
2023-04-15 11:46:14,781 - mmaction - INFO - Epoch(val) [42][15]	mAP@0.5IOU: 0.7105
2023-04-15 11:46:18,005 - mmaction - INFO - Saving checkpoint at 43 epochs
2023-04-15 11:46:19,083 - mmaction - INFO - Evaluating mAP ...
2023-04-15 11:46:19,086 - mmaction - INFO - 
mAP@0.5IOU	 0.7105
2023-04-15 11:46:19,086 - mmaction - INFO - Epoch(val) [43][15]	mAP@0.5IOU: 0.7105
2023-04-15 11:46:22,314 - mmaction - INFO - Saving checkpoint at 44 epochs
2023-04-15 11:46:23,385 - mmaction - INFO - Evaluating mAP ...
2023-04-15 11:46:23,388 - mmaction - INFO - 
mAP@0.5IOU	 0.7105
2023-04-15 11:46:23,388 - mmaction - INFO - Epoch(val) [44][15]	mAP@0.5IOU: 0.7105
2023-04-15 11:46:26,606 - mmaction - INFO - Saving checkpoint at 45 epochs
2023-04-15 11:46:27,646 - mmaction - INFO - Evaluating mAP ...
2023-04-15 11:46:27,650 - mmaction - INFO - 
mAP@0.5IOU	 0.7105
2023-04-15 11:46:27,650 - mmaction - INFO - Epoch(val) [45][15]	mAP@0.5IOU: 0.7105
2023-04-15 11:46:30,903 - mmaction - INFO - Saving checkpoint at 46 epochs
2023-04-15 11:46:31,980 - mmaction - INFO - Evaluating mAP ...
2023-04-15 11:46:31,983 - mmaction - INFO - 
mAP@0.5IOU	 0.7105
2023-04-15 11:46:31,984 - mmaction - INFO - Epoch(val) [46][15]	mAP@0.5IOU: 0.7105
2023-04-15 11:46:35,240 - mmaction - INFO - Saving checkpoint at 47 epochs
2023-04-15 11:46:36,325 - mmaction - INFO - Evaluating mAP ...
2023-04-15 11:46:36,328 - mmaction - INFO - 
mAP@0.5IOU	 0.7105
2023-04-15 11:46:36,328 - mmaction - INFO - Epoch(val) [47][15]	mAP@0.5IOU: 0.7105
2023-04-15 11:46:39,572 - mmaction - INFO - Saving checkpoint at 48 epochs
2023-04-15 11:46:40,649 - mmaction - INFO - Evaluating mAP ...
2023-04-15 11:46:40,652 - mmaction - INFO - 
mAP@0.5IOU	 0.7105
2023-04-15 11:46:40,653 - mmaction - INFO - Epoch(val) [48][15]	mAP@0.5IOU: 0.7105
2023-04-15 11:46:43,878 - mmaction - INFO - Saving checkpoint at 49 epochs
2023-04-15 11:46:44,962 - mmaction - INFO - Evaluating mAP ...
2023-04-15 11:46:44,965 - mmaction - INFO - 
mAP@0.5IOU	 0.7105
2023-04-15 11:46:44,965 - mmaction - INFO - Epoch(val) [49][15]	mAP@0.5IOU: 0.7105
2023-04-15 11:46:48,190 - mmaction - INFO - Saving checkpoint at 50 epochs
2023-04-15 11:46:49,263 - mmaction - INFO - Evaluating mAP ...
2023-04-15 11:46:49,267 - mmaction - INFO - 
mAP@0.5IOU	 0.7105
2023-04-15 11:46:49,267 - mmaction - INFO - Epoch(val) [50][15]	mAP@0.5IOU: 0.7105
2023-04-15 11:46:52,502 - mmaction - INFO - Saving checkpoint at 51 epochs
2023-04-15 11:46:53,554 - mmaction - INFO - Evaluating mAP ...
2023-04-15 11:46:53,558 - mmaction - INFO - 
mAP@0.5IOU	 0.7105
2023-04-15 11:46:53,558 - mmaction - INFO - Epoch(val) [51][15]	mAP@0.5IOU: 0.7105
2023-04-15 11:46:56,811 - mmaction - INFO - Saving checkpoint at 52 epochs
2023-04-15 11:46:57,847 - mmaction - INFO - Evaluating mAP ...
2023-04-15 11:46:57,851 - mmaction - INFO - 
mAP@0.5IOU	 0.7105
2023-04-15 11:46:57,851 - mmaction - INFO - Epoch(val) [52][15]	mAP@0.5IOU: 0.7105
2023-04-15 11:47:01,083 - mmaction - INFO - Saving checkpoint at 53 epochs
2023-04-15 11:47:02,164 - mmaction - INFO - Evaluating mAP ...
2023-04-15 11:47:02,167 - mmaction - INFO - 
mAP@0.5IOU	 0.7105
2023-04-15 11:47:02,167 - mmaction - INFO - Epoch(val) [53][15]	mAP@0.5IOU: 0.7105
2023-04-15 11:47:05,399 - mmaction - INFO - Saving checkpoint at 54 epochs
2023-04-15 11:47:06,450 - mmaction - INFO - Evaluating mAP ...
2023-04-15 11:47:06,453 - mmaction - INFO - 
mAP@0.5IOU	 0.7105
2023-04-15 11:47:06,453 - mmaction - INFO - Epoch(val) [54][15]	mAP@0.5IOU: 0.7105
2023-04-15 11:47:09,691 - mmaction - INFO - Saving checkpoint at 55 epochs
2023-04-15 11:47:10,728 - mmaction - INFO - Evaluating mAP ...
2023-04-15 11:47:10,732 - mmaction - INFO - 
mAP@0.5IOU	 0.7105
2023-04-15 11:47:10,732 - mmaction - INFO - Epoch(val) [55][15]	mAP@0.5IOU: 0.7105
2023-04-15 11:47:13,987 - mmaction - INFO - Saving checkpoint at 56 epochs
2023-04-15 11:47:15,051 - mmaction - INFO - Evaluating mAP ...
2023-04-15 11:47:15,055 - mmaction - INFO - 
mAP@0.5IOU	 0.7105
2023-04-15 11:47:15,055 - mmaction - INFO - Epoch(val) [56][15]	mAP@0.5IOU: 0.7105
2023-04-15 11:47:18,303 - mmaction - INFO - Saving checkpoint at 57 epochs
2023-04-15 11:47:19,388 - mmaction - INFO - Evaluating mAP ...
2023-04-15 11:47:19,391 - mmaction - INFO - 
mAP@0.5IOU	 0.7105
2023-04-15 11:47:19,392 - mmaction - INFO - Epoch(val) [57][15]	mAP@0.5IOU: 0.7105
2023-04-15 11:47:22,637 - mmaction - INFO - Saving checkpoint at 58 epochs
2023-04-15 11:47:23,712 - mmaction - INFO - Evaluating mAP ...
2023-04-15 11:47:23,716 - mmaction - INFO - 
mAP@0.5IOU	 0.7105
2023-04-15 11:47:23,716 - mmaction - INFO - Epoch(val) [58][15]	mAP@0.5IOU: 0.7105
2023-04-15 11:47:26,962 - mmaction - INFO - Saving checkpoint at 59 epochs
2023-04-15 11:47:28,061 - mmaction - INFO - Evaluating mAP ...
2023-04-15 11:47:28,065 - mmaction - INFO - 
mAP@0.5IOU	 0.7105
2023-04-15 11:47:28,065 - mmaction - INFO - Epoch(val) [59][15]	mAP@0.5IOU: 0.7105
2023-04-15 11:47:31,292 - mmaction - INFO - Saving checkpoint at 60 epochs
2023-04-15 11:47:32,354 - mmaction - INFO - Evaluating mAP ...
2023-04-15 11:47:32,358 - mmaction - INFO - 
mAP@0.5IOU	 0.7105
2023-04-15 11:47:32,358 - mmaction - INFO - Epoch(val) [60][15]	mAP@0.5IOU: 0.7105
2023-04-15 11:47:35,609 - mmaction - INFO - Saving checkpoint at 61 epochs
2023-04-15 11:47:36,697 - mmaction - INFO - Evaluating mAP ...
2023-04-15 11:47:36,701 - mmaction - INFO - 
mAP@0.5IOU	 0.7105
2023-04-15 11:47:36,701 - mmaction - INFO - Epoch(val) [61][15]	mAP@0.5IOU: 0.7105
2023-04-15 11:47:39,944 - mmaction - INFO - Saving checkpoint at 62 epochs
2023-04-15 11:47:41,024 - mmaction - INFO - Evaluating mAP ...
2023-04-15 11:47:41,028 - mmaction - INFO - 
mAP@0.5IOU	 0.7105
2023-04-15 11:47:41,028 - mmaction - INFO - Epoch(val) [62][15]	mAP@0.5IOU: 0.7105
2023-04-15 11:47:44,273 - mmaction - INFO - Saving checkpoint at 63 epochs
2023-04-15 11:47:45,344 - mmaction - INFO - Evaluating mAP ...
2023-04-15 11:47:45,348 - mmaction - INFO - 
mAP@0.5IOU	 0.7105
2023-04-15 11:47:45,348 - mmaction - INFO - Epoch(val) [63][15]	mAP@0.5IOU: 0.7105
2023-04-15 11:47:48,604 - mmaction - INFO - Saving checkpoint at 64 epochs
2023-04-15 11:47:49,723 - mmaction - INFO - Evaluating mAP ...
2023-04-15 11:47:49,727 - mmaction - INFO - 
mAP@0.5IOU	 0.7105
2023-04-15 11:47:49,727 - mmaction - INFO - Epoch(val) [64][15]	mAP@0.5IOU: 0.7105
2023-04-15 11:47:52,958 - mmaction - INFO - Saving checkpoint at 65 epochs
2023-04-15 11:47:54,099 - mmaction - INFO - Evaluating mAP ...
2023-04-15 11:47:54,102 - mmaction - INFO - 
mAP@0.5IOU	 0.7105
2023-04-15 11:47:54,102 - mmaction - INFO - Epoch(val) [65][15]	mAP@0.5IOU: 0.7105
2023-04-15 11:47:57,356 - mmaction - INFO - Saving checkpoint at 66 epochs
2023-04-15 11:47:58,432 - mmaction - INFO - Evaluating mAP ...
2023-04-15 11:47:58,435 - mmaction - INFO - 
mAP@0.5IOU	 0.7105
2023-04-15 11:47:58,435 - mmaction - INFO - Epoch(val) [66][15]	mAP@0.5IOU: 0.7105
2023-04-15 11:48:01,671 - mmaction - INFO - Saving checkpoint at 67 epochs
2023-04-15 11:48:02,728 - mmaction - INFO - Evaluating mAP ...
2023-04-15 11:48:02,732 - mmaction - INFO - 
mAP@0.5IOU	 0.7105
2023-04-15 11:48:02,732 - mmaction - INFO - Epoch(val) [67][15]	mAP@0.5IOU: 0.7105
2023-04-15 11:48:05,998 - mmaction - INFO - Saving checkpoint at 68 epochs
2023-04-15 11:48:07,055 - mmaction - INFO - Evaluating mAP ...
2023-04-15 11:48:07,059 - mmaction - INFO - 
mAP@0.5IOU	 0.7105
2023-04-15 11:48:07,059 - mmaction - INFO - Epoch(val) [68][15]	mAP@0.5IOU: 0.7105
2023-04-15 11:48:10,306 - mmaction - INFO - Saving checkpoint at 69 epochs
2023-04-15 11:48:11,402 - mmaction - INFO - Evaluating mAP ...
2023-04-15 11:48:11,406 - mmaction - INFO - 
mAP@0.5IOU	 0.7105
2023-04-15 11:48:11,406 - mmaction - INFO - Epoch(val) [69][15]	mAP@0.5IOU: 0.7105
2023-04-15 11:48:14,656 - mmaction - INFO - Saving checkpoint at 70 epochs
2023-04-15 11:48:15,717 - mmaction - INFO - Evaluating mAP ...
2023-04-15 11:48:15,721 - mmaction - INFO - 
mAP@0.5IOU	 0.7105
2023-04-15 11:48:15,721 - mmaction - INFO - Epoch(val) [70][15]	mAP@0.5IOU: 0.7105
2023-04-15 11:48:18,972 - mmaction - INFO - Saving checkpoint at 71 epochs
2023-04-15 11:48:20,033 - mmaction - INFO - Evaluating mAP ...
2023-04-15 11:48:20,039 - mmaction - INFO - 
mAP@0.5IOU	 0.7105
2023-04-15 11:48:20,039 - mmaction - INFO - Epoch(val) [71][15]	mAP@0.5IOU: 0.7105
2023-04-15 11:48:23,287 - mmaction - INFO - Saving checkpoint at 72 epochs
2023-04-15 11:48:24,339 - mmaction - INFO - Evaluating mAP ...
2023-04-15 11:48:24,343 - mmaction - INFO - 
mAP@0.5IOU	 0.7105
2023-04-15 11:48:24,343 - mmaction - INFO - Epoch(val) [72][15]	mAP@0.5IOU: 0.7105
2023-04-15 11:48:27,612 - mmaction - INFO - Saving checkpoint at 73 epochs
2023-04-15 11:48:28,671 - mmaction - INFO - Evaluating mAP ...
2023-04-15 11:48:28,675 - mmaction - INFO - 
mAP@0.5IOU	 0.7105
2023-04-15 11:48:28,675 - mmaction - INFO - Epoch(val) [73][15]	mAP@0.5IOU: 0.7105
2023-04-15 11:48:31,906 - mmaction - INFO - Saving checkpoint at 74 epochs
2023-04-15 11:48:32,958 - mmaction - INFO - Evaluating mAP ...
2023-04-15 11:48:32,962 - mmaction - INFO - 
mAP@0.5IOU	 0.7105
2023-04-15 11:48:32,962 - mmaction - INFO - Epoch(val) [74][15]	mAP@0.5IOU: 0.7105
2023-04-15 11:48:36,217 - mmaction - INFO - Saving checkpoint at 75 epochs
2023-04-15 11:48:37,312 - mmaction - INFO - Evaluating mAP ...
2023-04-15 11:48:37,315 - mmaction - INFO - 
mAP@0.5IOU	 0.7105
2023-04-15 11:48:37,315 - mmaction - INFO - Epoch(val) [75][15]	mAP@0.5IOU: 0.7105
2023-04-15 11:48:40,565 - mmaction - INFO - Saving checkpoint at 76 epochs
2023-04-15 11:48:41,633 - mmaction - INFO - Evaluating mAP ...
2023-04-15 11:48:41,637 - mmaction - INFO - 
mAP@0.5IOU	 0.7105
2023-04-15 11:48:41,637 - mmaction - INFO - Epoch(val) [76][15]	mAP@0.5IOU: 0.7105
2023-04-15 11:48:44,889 - mmaction - INFO - Saving checkpoint at 77 epochs
2023-04-15 11:48:45,965 - mmaction - INFO - Evaluating mAP ...
2023-04-15 11:48:45,969 - mmaction - INFO - 
mAP@0.5IOU	 0.7105
2023-04-15 11:48:45,969 - mmaction - INFO - Epoch(val) [77][15]	mAP@0.5IOU: 0.7105
2023-04-15 11:48:49,245 - mmaction - INFO - Saving checkpoint at 78 epochs
2023-04-15 11:48:50,335 - mmaction - INFO - Evaluating mAP ...
2023-04-15 11:48:50,339 - mmaction - INFO - 
mAP@0.5IOU	 0.7105
2023-04-15 11:48:50,339 - mmaction - INFO - Epoch(val) [78][15]	mAP@0.5IOU: 0.7105
2023-04-15 11:48:53,580 - mmaction - INFO - Saving checkpoint at 79 epochs
2023-04-15 11:48:54,659 - mmaction - INFO - Evaluating mAP ...
2023-04-15 11:48:54,663 - mmaction - INFO - 
mAP@0.5IOU	 0.7105
2023-04-15 11:48:54,663 - mmaction - INFO - Epoch(val) [79][15]	mAP@0.5IOU: 0.7105
2023-04-15 11:48:57,895 - mmaction - INFO - Saving checkpoint at 80 epochs
2023-04-15 11:48:58,987 - mmaction - INFO - Evaluating mAP ...
2023-04-15 11:48:58,991 - mmaction - INFO - 
mAP@0.5IOU	 0.7105
2023-04-15 11:48:58,991 - mmaction - INFO - Epoch(val) [80][15]	mAP@0.5IOU: 0.7105
2023-04-15 11:49:02,246 - mmaction - INFO - Saving checkpoint at 81 epochs
2023-04-15 11:49:03,311 - mmaction - INFO - Evaluating mAP ...
2023-04-15 11:49:03,314 - mmaction - INFO - 
mAP@0.5IOU	 0.7105
2023-04-15 11:49:03,315 - mmaction - INFO - Epoch(val) [81][15]	mAP@0.5IOU: 0.7105
2023-04-15 11:49:06,572 - mmaction - INFO - Saving checkpoint at 82 epochs
2023-04-15 11:49:07,631 - mmaction - INFO - Evaluating mAP ...
2023-04-15 11:49:07,634 - mmaction - INFO - 
mAP@0.5IOU	 0.7105
2023-04-15 11:49:07,635 - mmaction - INFO - Epoch(val) [82][15]	mAP@0.5IOU: 0.7105
2023-04-15 11:49:10,883 - mmaction - INFO - Saving checkpoint at 83 epochs
2023-04-15 11:49:11,984 - mmaction - INFO - Evaluating mAP ...
2023-04-15 11:49:11,988 - mmaction - INFO - 
mAP@0.5IOU	 0.7105
2023-04-15 11:49:11,988 - mmaction - INFO - Epoch(val) [83][15]	mAP@0.5IOU: 0.7105
2023-04-15 11:49:15,249 - mmaction - INFO - Saving checkpoint at 84 epochs
2023-04-15 11:49:16,302 - mmaction - INFO - Evaluating mAP ...
2023-04-15 11:49:16,305 - mmaction - INFO - 
mAP@0.5IOU	 0.7105
2023-04-15 11:49:16,305 - mmaction - INFO - Epoch(val) [84][15]	mAP@0.5IOU: 0.7105
2023-04-15 11:49:19,568 - mmaction - INFO - Saving checkpoint at 85 epochs
2023-04-15 11:49:20,654 - mmaction - INFO - Evaluating mAP ...
2023-04-15 11:49:20,658 - mmaction - INFO - 
mAP@0.5IOU	 0.7105
2023-04-15 11:49:20,658 - mmaction - INFO - Epoch(val) [85][15]	mAP@0.5IOU: 0.7105
2023-04-15 11:49:23,881 - mmaction - INFO - Saving checkpoint at 86 epochs
2023-04-15 11:49:24,940 - mmaction - INFO - Evaluating mAP ...
2023-04-15 11:49:24,944 - mmaction - INFO - 
mAP@0.5IOU	 0.7105
2023-04-15 11:49:24,944 - mmaction - INFO - Epoch(val) [86][15]	mAP@0.5IOU: 0.7105
2023-04-15 11:49:28,179 - mmaction - INFO - Saving checkpoint at 87 epochs
2023-04-15 11:49:29,230 - mmaction - INFO - Evaluating mAP ...
2023-04-15 11:49:29,233 - mmaction - INFO - 
mAP@0.5IOU	 0.7105
2023-04-15 11:49:29,234 - mmaction - INFO - Epoch(val) [87][15]	mAP@0.5IOU: 0.7105
2023-04-15 11:49:32,484 - mmaction - INFO - Saving checkpoint at 88 epochs
2023-04-15 11:49:33,560 - mmaction - INFO - Evaluating mAP ...
2023-04-15 11:49:33,564 - mmaction - INFO - 
mAP@0.5IOU	 0.7105
2023-04-15 11:49:33,564 - mmaction - INFO - Epoch(val) [88][15]	mAP@0.5IOU: 0.7105
2023-04-15 11:49:36,829 - mmaction - INFO - Saving checkpoint at 89 epochs
2023-04-15 11:49:37,935 - mmaction - INFO - Evaluating mAP ...
2023-04-15 11:49:37,939 - mmaction - INFO - 
mAP@0.5IOU	 0.7105
2023-04-15 11:49:37,939 - mmaction - INFO - Epoch(val) [89][15]	mAP@0.5IOU: 0.7105
2023-04-15 11:49:41,170 - mmaction - INFO - Saving checkpoint at 90 epochs
2023-04-15 11:49:42,255 - mmaction - INFO - Evaluating mAP ...
2023-04-15 11:49:42,259 - mmaction - INFO - 
mAP@0.5IOU	 0.7105
2023-04-15 11:49:42,259 - mmaction - INFO - Epoch(val) [90][15]	mAP@0.5IOU: 0.7105
2023-04-15 11:49:45,511 - mmaction - INFO - Saving checkpoint at 91 epochs
2023-04-15 11:49:46,603 - mmaction - INFO - Evaluating mAP ...
2023-04-15 11:49:46,607 - mmaction - INFO - 
mAP@0.5IOU	 0.7105
2023-04-15 11:49:46,607 - mmaction - INFO - Epoch(val) [91][15]	mAP@0.5IOU: 0.7105
2023-04-15 11:49:49,862 - mmaction - INFO - Saving checkpoint at 92 epochs
2023-04-15 11:49:50,940 - mmaction - INFO - Evaluating mAP ...
2023-04-15 11:49:50,943 - mmaction - INFO - 
mAP@0.5IOU	 0.7105
2023-04-15 11:49:50,943 - mmaction - INFO - Epoch(val) [92][15]	mAP@0.5IOU: 0.7105
2023-04-15 11:49:54,198 - mmaction - INFO - Saving checkpoint at 93 epochs
2023-04-15 11:49:55,277 - mmaction - INFO - Evaluating mAP ...
2023-04-15 11:49:55,280 - mmaction - INFO - 
mAP@0.5IOU	 0.7105
2023-04-15 11:49:55,281 - mmaction - INFO - Epoch(val) [93][15]	mAP@0.5IOU: 0.7105
2023-04-15 11:49:58,540 - mmaction - INFO - Saving checkpoint at 94 epochs
2023-04-15 11:49:59,640 - mmaction - INFO - Evaluating mAP ...
2023-04-15 11:49:59,644 - mmaction - INFO - 
mAP@0.5IOU	 0.7105
2023-04-15 11:49:59,644 - mmaction - INFO - Epoch(val) [94][15]	mAP@0.5IOU: 0.7105
2023-04-15 11:50:02,902 - mmaction - INFO - Saving checkpoint at 95 epochs
2023-04-15 11:50:03,977 - mmaction - INFO - Evaluating mAP ...
2023-04-15 11:50:03,981 - mmaction - INFO - 
mAP@0.5IOU	 0.7105
2023-04-15 11:50:03,981 - mmaction - INFO - Epoch(val) [95][15]	mAP@0.5IOU: 0.7105
2023-04-15 11:50:07,238 - mmaction - INFO - Saving checkpoint at 96 epochs
2023-04-15 11:50:08,329 - mmaction - INFO - Evaluating mAP ...
2023-04-15 11:50:08,332 - mmaction - INFO - 
mAP@0.5IOU	 0.7105
2023-04-15 11:50:08,332 - mmaction - INFO - Epoch(val) [96][15]	mAP@0.5IOU: 0.7105
2023-04-15 11:50:11,584 - mmaction - INFO - Saving checkpoint at 97 epochs
2023-04-15 11:50:12,667 - mmaction - INFO - Evaluating mAP ...
2023-04-15 11:50:12,671 - mmaction - INFO - 
mAP@0.5IOU	 0.7105
2023-04-15 11:50:12,671 - mmaction - INFO - Epoch(val) [97][15]	mAP@0.5IOU: 0.7105
2023-04-15 11:50:15,920 - mmaction - INFO - Saving checkpoint at 98 epochs
2023-04-15 11:50:16,983 - mmaction - INFO - Evaluating mAP ...
2023-04-15 11:50:16,986 - mmaction - INFO - 
mAP@0.5IOU	 0.7105
2023-04-15 11:50:16,987 - mmaction - INFO - Epoch(val) [98][15]	mAP@0.5IOU: 0.7105
2023-04-15 11:50:20,240 - mmaction - INFO - Saving checkpoint at 99 epochs
2023-04-15 11:50:21,328 - mmaction - INFO - Evaluating mAP ...
2023-04-15 11:50:21,332 - mmaction - INFO - 
mAP@0.5IOU	 0.7105
2023-04-15 11:50:21,332 - mmaction - INFO - Epoch(val) [99][15]	mAP@0.5IOU: 0.7105
2023-04-15 11:50:24,582 - mmaction - INFO - Saving checkpoint at 100 epochs
2023-04-15 11:50:25,688 - mmaction - INFO - Evaluating mAP ...
2023-04-15 11:50:25,692 - mmaction - INFO - 
mAP@0.5IOU	 0.7105
2023-04-15 11:50:25,692 - mmaction - INFO - Epoch(val) [100][15]	mAP@0.5IOU: 0.7105
